TN:
SF:app.js
FN:7,(anonymous_0)
FN:19,(anonymous_1)
FN:35,(anonymous_2)
FNF:3
FNH:1
FNDA:6,(anonymous_0)
FNDA:0,(anonymous_1)
FNDA:0,(anonymous_2)
DA:1,2
DA:2,2
DA:4,2
DA:7,2
DA:8,6
DA:9,6
DA:13,2
DA:16,2
DA:19,2
DA:20,0
DA:28,0
DA:35,2
DA:36,0
DA:37,0
DA:40,2
LF:15
LH:11
BRDA:30,0,0,0
BRDA:30,0,1,0
BRF:2
BRH:0
end_of_record
TN:
SF:routes\users.js
FN:11,(anonymous_0)
FN:16,(anonymous_1)
FN:17,(anonymous_2)
FN:25,(anonymous_3)
FNF:4
FNH:4
FNDA:2,(anonymous_0)
FNDA:2,(anonymous_1)
FNDA:3,(anonymous_2)
FNDA:2,(anonymous_3)
DA:1,2
DA:2,2
DA:5,2
DA:11,2
DA:12,2
DA:16,2
DA:17,3
DA:18,2
DA:19,1
DA:21,1
DA:25,2
DA:26,2
DA:28,2
DA:29,1
DA:32,1
DA:38,1
DA:39,1
DA:42,2
LF:18
LH:18
BRDA:18,0,0,1
BRDA:18,0,1,1
BRDA:28,1,0,1
BRDA:28,1,1,1
BRDA:28,2,0,2
BRDA:28,2,1,2
BRF:6
BRH:6
end_of_record
